app/build/intermediates/manifest_merge_blame_file/release/processReleaseMainManifest/manifest-merger-blame-release-report.txt
1<?xml version="1.0" encoding="utf-8"?>
2<manifest xmlns:android="http://schemas.android.com/apk/res/android"
3    package="com.yangcy.gofish"
4    android:versionCode="1"
5    android:versionName="1.0" >
6
7    <uses-sdk
7-->INJECTED
8        android:minSdkVersion="24"
8-->INJECTED
9        android:targetSdkVersion="36" />
9-->INJECTED
10
11    <uses-permission android:name="android.permission.INTERNET" />
11-->src/main/AndroidManifest.xml:5:5-67
11-->src/main/AndroidManifest.xml:5:22-64
12    <uses-permission android:name="android.permission.ACCESS_FINE_LOCATION" />
12-->src/main/AndroidManifest.xml:6:5-79
12-->src/main/AndroidManifest.xml:6:22-76
13    <uses-permission android:name="android.permission.ACCESS_COARSE_LOCATION" />
13-->src/main/AndroidManifest.xml:7:5-81
13-->src/main/AndroidManifest.xml:7:22-78
14    <!-- AMap Specific Permissions -->
15    <uses-permission android:name="android.permission.ACCESS_NETWORK_STATE" />
15-->src/main/AndroidManifest.xml:9:5-79
15-->src/main/AndroidManifest.xml:9:22-76
16    <uses-permission android:name="android.permission.ACCESS_WIFI_STATE" />
16-->src/main/AndroidManifest.xml:10:5-76
16-->src/main/AndroidManifest.xml:10:22-73
17    <uses-permission android:name="android.permission.CHANGE_WIFI_STATE" />
17-->src/main/AndroidManifest.xml:11:5-76
17-->src/main/AndroidManifest.xml:11:22-73
18    <uses-permission android:name="android.permission.READ_PHONE_STATE" />
18-->src/main/AndroidManifest.xml:12:5-75
18-->src/main/AndroidManifest.xml:12:22-72
19    <uses-permission android:name="android.permission.WRITE_EXTERNAL_STORAGE" />
19-->src/main/AndroidManifest.xml:13:5-81
19-->src/main/AndroidManifest.xml:13:22-78
20    <uses-permission android:name="android.permission.ACCESS_LOCATION_EXTRA_COMMANDS" />
20-->src/main/AndroidManifest.xml:14:5-89
20-->src/main/AndroidManifest.xml:14:22-86
21    <!-- Added to resolve SecurityException in some environments -->
22    <uses-permission android:name="android.permission.WRITE_SETTINGS" />
22-->src/main/AndroidManifest.xml:16:5-109
22-->src/main/AndroidManifest.xml:16:22-70
23
24    <!-- Umeng Required Permissions -->
25    <uses-permission android:name="android.permission.READ_PHONE_STATE" />
25-->src/main/AndroidManifest.xml:12:5-75
25-->src/main/AndroidManifest.xml:12:22-72
26    <uses-permission android:name="android.permission.ACCESS_NETWORK_STATE" />
26-->src/main/AndroidManifest.xml:9:5-79
26-->src/main/AndroidManifest.xml:9:22-76
27    <uses-permission android:name="android.permission.ACCESS_WIFI_STATE" />
27-->src/main/AndroidManifest.xml:10:5-76
27-->src/main/AndroidManifest.xml:10:22-73
28
29    <permission
29-->[androidx.core:core:1.19.0] AndroidManifest.xml:22:5-24:47
30        android:name="com.yangcy.gofish.DYNAMIC_RECEIVER_NOT_EXPORTED_PERMISSION"
30-->[androidx.core:core:1.19.0] AndroidManifest.xml:23:9-81
31        android:protectionLevel="signature" />
31-->[androidx.core:core:1.19.0] AndroidManifest.xml:24:9-44
32
33    <uses-permission android:name="com.yangcy.gofish.DYNAMIC_RECEIVER_NOT_EXPORTED_PERMISSION" />
33-->[androidx.core:core:1.19.0] AndroidManifest.xml:26:5-97
33-->[androidx.core:core:1.19.0] AndroidManifest.xml:26:22-94
34    <uses-permission android:name="com.google.android.gms.permission.AD_ID" />
34-->[com.umeng.umsdk:common:9.9.2] AndroidManifest.xml:11:5-79
34-->[com.umeng.umsdk:common:9.9.2] AndroidManifest.xml:11:22-76
35    <uses-permission android:name="freemme.permission.msa" />
35-->[com.umeng.umsdk:common:9.9.2] AndroidManifest.xml:12:5-62
35-->[com.umeng.umsdk:common:9.9.2] AndroidManifest.xml:12:22-59
36
37    <application
37-->src/main/AndroidManifest.xml:23:5-53:19
38        android:name="com.yangcy.gofish.GoFishApplication"
38-->src/main/AndroidManifest.xml:24:9-42
39        android:allowBackup="true"
39-->src/main/AndroidManifest.xml:25:9-35
40        android:appComponentFactory="androidx.core.app.CoreComponentFactory"
40-->[androidx.core:core:1.19.0] AndroidManifest.xml:28:18-86
41        android:dataExtractionRules="@xml/data_extraction_rules"
41-->src/main/AndroidManifest.xml:26:9-65
42        android:extractNativeLibs="false"
42-->INJECTED
43        android:fullBackupContent="@xml/backup_rules"
43-->src/main/AndroidManifest.xml:27:9-54
44        android:icon="@mipmap/ic_launcher"
44-->src/main/AndroidManifest.xml:28:9-43
45        android:label="@string/app_name"
45-->src/main/AndroidManifest.xml:29:9-41
46        android:roundIcon="@mipmap/ic_launcher_round"
46-->src/main/AndroidManifest.xml:30:9-54
47        android:supportsRtl="true"
47-->src/main/AndroidManifest.xml:31:9-35
48        android:theme="@style/Theme.MyApplication" >
48-->src/main/AndroidManifest.xml:32:9-51
49
50        <!-- AMap Service -->
51        <service android:name="com.amap.api.location.APSService" />
51-->src/main/AndroidManifest.xml:35:9-68
51-->src/main/AndroidManifest.xml:35:18-65
52
53        <!-- AMap API Key -->
54        <meta-data
54-->INJECTED
55            android:name="com.amap.api.v2.apikey"
55-->src/main/AndroidManifest.xml:39:13-50
56            android:value="4678e9f76ee24849002fa46590609744" />
56-->INJECTED
57
58        <activity
58-->src/main/AndroidManifest.xml:42:9-52:20
59            android:name="com.yangcy.gofish.MainActivity"
59-->src/main/AndroidManifest.xml:43:13-41
60            android:exported="true"
60-->src/main/AndroidManifest.xml:44:13-36
61            android:label="@string/app_name"
61-->src/main/AndroidManifest.xml:45:13-45
62            android:theme="@style/Theme.MyApplication" >
62-->src/main/AndroidManifest.xml:46:13-55
63            <intent-filter>
63-->src/main/AndroidManifest.xml:47:13-51:29
64                <action android:name="android.intent.action.MAIN" />
64-->src/main/AndroidManifest.xml:48:17-69
64-->src/main/AndroidManifest.xml:48:25-66
65
66                <category android:name="android.intent.category.LAUNCHER" />
66-->src/main/AndroidManifest.xml:50:17-77
66-->src/main/AndroidManifest.xml:50:27-74
67            </intent-filter>
68        </activity>
69        <activity
69-->[com.google.android.gms:play-services-base:18.5.0] AndroidManifest.xml:5:9-173
70            android:name="com.google.android.gms.common.api.GoogleApiActivity"
70-->[com.google.android.gms:play-services-base:18.5.0] AndroidManifest.xml:5:19-85
71            android:exported="false"
71-->[com.google.android.gms:play-services-base:18.5.0] AndroidManifest.xml:5:146-170
72            android:theme="@android:style/Theme.Translucent.NoTitleBar" />
72-->[com.google.android.gms:play-services-base:18.5.0] AndroidManifest.xml:5:86-145
73
74        <meta-data
74-->[com.google.android.gms:play-services-basement:18.4.0] AndroidManifest.xml:6:9-122
75            android:name="com.google.android.gms.version"
75-->[com.google.android.gms:play-services-basement:18.4.0] AndroidManifest.xml:6:20-65
76            android:value="@integer/google_play_services_version" />
76-->[com.google.android.gms:play-services-basement:18.4.0] AndroidManifest.xml:6:66-119
77
78        <provider
78-->[androidx.emoji2:emoji2:1.4.0] AndroidManifest.xml:24:9-32:20
79            android:name="androidx.startup.InitializationProvider"
79-->[androidx.emoji2:emoji2:1.4.0] AndroidManifest.xml:25:13-67
80            android:authorities="com.yangcy.gofish.androidx-startup"
80-->[androidx.emoji2:emoji2:1.4.0] AndroidManifest.xml:26:13-68
81            android:exported="false" >
81-->[androidx.emoji2:emoji2:1.4.0] AndroidManifest.xml:27:13-37
82            <meta-data
82-->[androidx.emoji2:emoji2:1.4.0] AndroidManifest.xml:29:13-31:52
83                android:name="androidx.emoji2.text.EmojiCompatInitializer"
83-->[androidx.emoji2:emoji2:1.4.0] AndroidManifest.xml:30:17-75
84                android:value="androidx.startup" />
84-->[androidx.emoji2:emoji2:1.4.0] AndroidManifest.xml:31:17-49
85            <meta-data
85-->[androidx.lifecycle:lifecycle-process:2.11.0] AndroidManifest.xml:29:13-31:52
86                android:name="androidx.lifecycle.ProcessLifecycleInitializer"
86-->[androidx.lifecycle:lifecycle-process:2.11.0] AndroidManifest.xml:30:17-78
87                android:value="androidx.startup" />
87-->[androidx.lifecycle:lifecycle-process:2.11.0] AndroidManifest.xml:31:17-49
88            <meta-data
88-->[com.squareup.okhttp3:okhttp-android:5.4.0] AndroidManifest.xml:16:13-18:52
89                android:name="okhttp3.internal.platform.PlatformInitializer"
89-->[com.squareup.okhttp3:okhttp-android:5.4.0] AndroidManifest.xml:17:17-77
90                android:value="androidx.startup" />
90-->[com.squareup.okhttp3:okhttp-android:5.4.0] AndroidManifest.xml:18:17-49
91            <meta-data
91-->[androidx.profileinstaller:profileinstaller:1.4.0] AndroidManifest.xml:29:13-31:52
92                android:name="androidx.profileinstaller.ProfileInstallerInitializer"
92-->[androidx.profileinstaller:profileinstaller:1.4.0] AndroidManifest.xml:30:17-85
93                android:value="androidx.startup" />
93-->[androidx.profileinstaller:profileinstaller:1.4.0] AndroidManifest.xml:31:17-49
94        </provider>
95
96        <uses-library
96-->[androidx.window:window:1.5.0] AndroidManifest.xml:23:9-25:40
97            android:name="androidx.window.extensions"
97-->[androidx.window:window:1.5.0] AndroidManifest.xml:24:13-54
98            android:required="false" />
98-->[androidx.window:window:1.5.0] AndroidManifest.xml:25:13-37
99        <uses-library
99-->[androidx.window:window:1.5.0] AndroidManifest.xml:26:9-28:40
100            android:name="androidx.window.sidecar"
100-->[androidx.window:window:1.5.0] AndroidManifest.xml:27:13-51
101            android:required="false" />
101-->[androidx.window:window:1.5.0] AndroidManifest.xml:28:13-37
102
103        <service
103-->[androidx.room:room-runtime-android:2.8.4] AndroidManifest.xml:24:9-28:63
104            android:name="androidx.room.MultiInstanceInvalidationService"
104-->[androidx.room:room-runtime-android:2.8.4] AndroidManifest.xml:25:13-74
105            android:directBootAware="true"
105-->[androidx.room:room-runtime-android:2.8.4] AndroidManifest.xml:26:13-43
106            android:exported="false" />
106-->[androidx.room:room-runtime-android:2.8.4] AndroidManifest.xml:27:13-37
107
108        <receiver
108-->[androidx.profileinstaller:profileinstaller:1.4.0] AndroidManifest.xml:34:9-52:20
109            android:name="androidx.profileinstaller.ProfileInstallReceiver"
109-->[androidx.profileinstaller:profileinstaller:1.4.0] AndroidManifest.xml:35:13-76
110            android:directBootAware="false"
110-->[androidx.profileinstaller:profileinstaller:1.4.0] AndroidManifest.xml:36:13-44
111            android:enabled="true"
111-->[androidx.profileinstaller:profileinstaller:1.4.0] AndroidManifest.xml:37:13-35
112            android:exported="true"
112-->[androidx.profileinstaller:profileinstaller:1.4.0] AndroidManifest.xml:38:13-36
113            android:permission="android.permission.DUMP" >
113-->[androidx.profileinstaller:profileinstaller:1.4.0] AndroidManifest.xml:39:13-57
114            <intent-filter>
114-->[androidx.profileinstaller:profileinstaller:1.4.0] AndroidManifest.xml:40:13-42:29
115                <action android:name="androidx.profileinstaller.action.INSTALL_PROFILE" />
115-->[androidx.profileinstaller:profileinstaller:1.4.0] AndroidManifest.xml:41:17-91
115-->[androidx.profileinstaller:profileinstaller:1.4.0] AndroidManifest.xml:41:25-88
116            </intent-filter>
117            <intent-filter>
117-->[androidx.profileinstaller:profileinstaller:1.4.0] AndroidManifest.xml:43:13-45:29
118                <action android:name="androidx.profileinstaller.action.SKIP_FILE" />
118-->[androidx.profileinstaller:profileinstaller:1.4.0] AndroidManifest.xml:44:17-85
118-->[androidx.profileinstaller:profileinstaller:1.4.0] AndroidManifest.xml:44:25-82
119            </intent-filter>
120            <intent-filter>
120-->[androidx.profileinstaller:profileinstaller:1.4.0] AndroidManifest.xml:46:13-48:29
121                <action android:name="androidx.profileinstaller.action.SAVE_PROFILE" />
121-->[androidx.profileinstaller:profileinstaller:1.4.0] AndroidManifest.xml:47:17-88
121-->[androidx.profileinstaller:profileinstaller:1.4.0] AndroidManifest.xml:47:25-85
122            </intent-filter>
123            <intent-filter>
123-->[androidx.profileinstaller:profileinstaller:1.4.0] AndroidManifest.xml:49:13-51:29
124                <action android:name="androidx.profileinstaller.action.BENCHMARK_OPERATION" />
124-->[androidx.profileinstaller:profileinstaller:1.4.0] AndroidManifest.xml:50:17-95
124-->[androidx.profileinstaller:profileinstaller:1.4.0] AndroidManifest.xml:50:25-92
125            </intent-filter>
126        </receiver>
127
128        <service
128-->[com.umeng.umsdk:apm:2.0.8] AndroidManifest.xml:10:9-14:41
129            android:name="com.efs.sdk.memleaksdk.monitor.UMonitorService"
129-->[com.umeng.umsdk:apm:2.0.8] AndroidManifest.xml:11:13-74
130            android:enabled="true"
130-->[com.umeng.umsdk:apm:2.0.8] AndroidManifest.xml:12:13-35
131            android:exported="false"
131-->[com.umeng.umsdk:apm:2.0.8] AndroidManifest.xml:13:13-37
132            android:process=":u_heap" />
132-->[com.umeng.umsdk:apm:2.0.8] AndroidManifest.xml:14:13-38
133    </application>
134
135</manifest>